wp-admin/css/customize-controls.min.css [Status: 200, Size: 57970, Words: 1378, Lines: 2]
wp-admin/admin-functions.php [Status: 200, Size: 336, Words: 23, Lines: 6]
wp-admin/css/customize-controls.css [Status: 200, Size: 69280, Words: 4048, Lines: 2966]
license.txt [Status: 200, Size: 19915, Words: 3331, Lines: 385]
wp-admin/css/ [Status: 403, Size: 699, Words: 60, Lines: 14]
wp-admin/css/color-picker-rtl.min.css [Status: 200, Size: 3129, Words: 81, Lines: 2]
wp-admin/css/color-picker-rtl.css [Status: 200, Size: 3874, Words: 251, Lines: 184]
wp-activate.php [Status: 302, Size: 0, Words: 1, Lines: 1]
wp-admin/css/color-picker.css [Status: 200, Size: 3836, Words: 246, Lines: 183]
wp-admin/css/customize-controls-rtl.css [Status: 200, Size: 69359, Words: 4053, Lines: 2967]
wp-admin/css/color-picker.min.css [Status: 200, Size: 3126, Words: 81, Lines: 2]
wp-admin/css/dashboard.css [Status: 200, Size: 24833, Words: 1747, Lines: 1329]
wp-admin/css/customize-controls-rtl.min.css [Status: 200, Size: 58014, Words: 1378, Lines: 2]
wp-admin/css/dashboard-rtl.css [Status: 200, Size: 24865, Words: 1752, Lines: 1330]
wp-admin/css/farbtastic-rtl.css [Status: 200, Size: 647, Words: 80, Lines: 43]
wp-admin/css/farbtastic.css [Status: 200, Size: 611, Words: 75, Lines: 42]
wp-admin/css/install.css [Status: 200, Size: 5972, Words: 431, Lines: 380]
wp-admin/css/install.min.css [Status: 200, Size: 4959, Words: 146, Lines: 2]
wp-admin/css/install-rtl.css [Status: 200, Size: 6006, Words: 436, Lines: 381]
wp-admin/css/login.css [Status: 200, Size: 7007, Words: 519, Lines: 430]
wp-admin/css/login-rtl.css [Status: 200, Size: 7047, Words: 524, Lines: 431]
wp-admin/css/media.min.css [Status: 200, Size: 19737, Words: 634, Lines: 2]
wp-admin/css/media.css [Status: 200, Size: 24419, Words: 1651, Lines: 1318]
index.php [Status: 301, Size: 0, Words: 1, Lines: 1]
wp-admin/css/media-rtl.min.css [Status: 200, Size: 19748, Words: 634, Lines: 2]
wp-admin/css/media-rtl.css [Status: 200, Size: 24465, Words: 1656, Lines: 1319]
wp-admin/css/widgets.css [Status: 200, Size: 17589, Words: 1073, Lines: 873]
wp-admin/css/wp-admin.css [Status: 200, Size: 395, Words: 16, Lines: 16]
wp-admin/css/widgets-rtl.css [Status: 200, Size: 17627, Words: 1078, Lines: 874]
wp-admin/css/wp-admin-rtl.min.css [Status: 200, Size: 550, Words: 21, Lines: 17]
wp-admin/css/wp-admin-rtl.css [Status: 200, Size: 490, Words: 21, Lines: 17]
wp-admin/css/wp-admin.min.css [Status: 200, Size: 490, Words: 21, Lines: 17]
wp-admin/images/ [Status: 403, Size: 699, Words: 60, Lines: 14]
wp-admin/images/align-left.png [Status: 200, Size: 554, Words: 4, Lines: 3]
wp-admin/images/align-left-2x.png [Status: 200, Size: 143, Words: 1, Lines: 3]
wp-admin/images/align-center.png [Status: 200, Size: 546, Words: 3, Lines: 4]
wp-admin/images/align-center-2x.png [Status: 200, Size: 147, Words: 2, Lines: 3]
wp-admin/images/align-none-2x.png [Status: 200, Size: 121, Words: 1, Lines: 3]
wp-admin/images/align-none.png [Status: 200, Size: 417, Words: 1, Lines: 4]
wp-admin/images/align-right-2x.png [Status: 200, Size: 142, Words: 2, Lines: 4]
wp-admin/images/align-right.png [Status: 200, Size: 509, Words: 1, Lines: 5]
wp-admin/images/arrows-2x.png [Status: 200, Size: 863, Words: 1, Lines: 8]
wp-admin/images/arrows.png [Status: 200, Size: 243, Words: 2, Lines: 5]
wp-admin/images/bubble_bg.gif [Status: 200, Size: 398, Words: 3, Lines: 2]
wp-admin/images/bubble_bg-2x.gif [Status: 200, Size: 424, Words: 3, Lines: 2]
wp-admin/images/comment-grey-bubble.png [Status: 200, Size: 114, Words: 1, Lines: 3]
wp-admin/images/comment-grey-bubble-2x.png [Status: 200, Size: 258, Words: 2, Lines: 4]
wp-admin/images/date-button-2x.gif [Status: 200, Size: 996, Words: 10, Lines: 8]
wp-admin/images/date-button.gif [Status: 200, Size: 400, Words: 1, Lines: 2]
wp-admin/images/generic.png [Status: 200, Size: 719, Words: 4, Lines: 3]
wp-admin/images/icons32.png [Status: 200, Size: 8023, Words: 29, Lines: 18]
wp-admin/images/icons32-vs.png [Status: 200, Size: 8007, Words: 23, Lines: 32]
wp-admin/images/imgedit-icons.png [Status: 200, Size: 4055, Words: 23, Lines: 14]
wp-admin/images/icons32-2x.png [Status: 200, Size: 21770, Words: 61, Lines: 63]
wp-admin/images/imgedit-icons-2x.png [Status: 200, Size: 7664, Words: 69, Lines: 34]
wp-admin/images/list-2x.png [Status: 200, Size: 1523, Words: 6, Lines: 4]
wp-admin/images/list.png [Status: 200, Size: 1003, Words: 4, Lines: 6]
wp-admin/images/icons32-vs-2x.png [Status: 200, Size: 21396, Words: 59, Lines: 94]
wp-admin/images/loading.gif [Status: 200, Size: 1372, Words: 10, Lines: 18]
wp-admin/images/mask.png [Status: 200, Size: 2001, Words: 14, Lines: 16]
wp-admin/images/marker.png [Status: 200, Size: 360, Words: 1, Lines: 3]
wp-admin/images/media-button-image.gif [Status: 200, Size: 200, Words: 1, Lines: 2]
wp-admin/images/media-button-music.gif [Status: 200, Size: 206, Words: 2, Lines: 1]
wp-admin/images/media-button-2x.png [Status: 200, Size: 850, Words: 5, Lines: 6]
wp-admin/images/menu-2x.png [Status: 200, Size: 12672, Words: 63, Lines: 47]
wp-admin/images/media-button-video.gif [Status: 200, Size: 133, Words: 1, Lines: 1]
wp-admin/images/media-button.png [Status: 200, Size: 323, Words: 4, Lines: 4]
wp-admin/images/media-button-other.gif [Status: 200, Size: 248, Words: 1, Lines: 3]
wp-admin/images/menu.png [Status: 200, Size: 5039, Words: 22, Lines: 18]
wp-admin/images/menu-vs-2x.png [Status: 200, Size: 12453, Words: 73, Lines: 37]
wp-admin/async-upload.php [Status: 302, Size: 0, Words: 1, Lines: 1]
wp-admin/images/menu-vs.png [Status: 200, Size: 5086, Words: 20, Lines: 21]
wp-admin/admin-header.php [Status: 200, Size: 322, Words: 23, Lines: 6]
wp-admin/admin-footer.php [Status: 200, Size: 2, Words: 1, Lines: 1]
wp-admin/images/no.png [Status: 200, Size: 755, Words: 4, Lines: 7]
wp-admin/images/post-formats32.png [Status: 200, Size: 5142, Words: 13, Lines: 11]
wp-admin/images/post-formats32-vs.png [Status: 200, Size: 5111, Words: 27, Lines: 21]
wp-admin/images/post-formats.png [Status: 200, Size: 2157, Words: 12, Lines: 9]
wp-admin/images/post-formats-vs.png [Status: 200, Size: 2450, Words: 9, Lines: 11]
wp-admin/images/resize-2x.gif [Status: 200, Size: 151, Words: 1, Lines: 1]
wp-admin/images/resize.gif [Status: 200, Size: 64, Words: 1, Lines: 1]
wp-admin/images/resize-rtl-2x.gif [Status: 200, Size: 150, Words: 3, Lines: 1]
wp-admin/images/resize-rtl.gif [Status: 200, Size: 70, Words: 1, Lines: 1]
wp-admin/admin.php [Status: 302, Size: 0, Words: 1, Lines: 1]
wp-admin/images/se.png [Status: 200, Size: 120, Words: 2, Lines: 6]
wp-admin/images/sort-2x.gif [Status: 200, Size: 97, Words: 1, Lines: 1]
wp-admin/images/sort.gif [Status: 200, Size: 55, Words: 1, Lines: 1]
wp-admin/images/stars-2x.png [Status: 200, Size: 1257, Words: 8, Lines: 7]
wp-admin/images/stars.png [Status: 200, Size: 924, Words: 3, Lines: 6]
wp-admin/ [Status: 302, Size: 0, Words: 1, Lines: 1]
wp-admin/images/wheel.png [Status: 200, Size: 6047, Words: 41, Lines: 32]
wp-admin/images/wordpress-logo.png [Status: 200, Size: 2480, Words: 22, Lines: 13]
wp-admin/about.php [Status: 302, Size: 0, Words: 1, Lines: 1]
wp-admin/custom-header.php [Status: 200, Size: 332, Words: 23, Lines: 6]
wp-admin/custom-background.php [Status: 200, Size: 340, Words: 23, Lines: 6]
wp-admin/images/wpspin_light-2x.gif [Status: 200, Size: 8875, Words: 100, Lines: 86]
wp-admin/images/wpspin_light.gif [Status: 200, Size: 2052, Words: 30, Lines: 30]
wp-admin/images/xit-2x.gif [Status: 200, Size: 825, Words: 1, Lines: 7]
wp-admin/images/xit.gif [Status: 200, Size: 181, Words: 3, Lines: 3]
wp-admin/images/yes.png [Status: 200, Size: 539, Words: 2, Lines: 5]
wp-admin/includes/ [Status: 403, Size: 699, Words: 60, Lines: 14]
wp-admin/customize.php [Status: 302, Size: 0, Words: 1, Lines: 1]
wp-admin/edit-form-advanced.php [Status: 200, Size: 2, Words: 1, Lines: 1]
wp-admin/edit-link-form.php [Status: 200, Size: 2, Words: 1, Lines: 1]
wp-admin/edit-form-comment.php [Status: 200, Size: 2, Words: 1, Lines: 1]
wp-admin/admin-post.php [Status: 200, Size: 0, Words: 1, Lines: 1]
wp-admin/edit-tag-form.php [Status: 200, Size: 2, Words: 1, Lines: 1]
wp-admin/comment.php [Status: 302, Size: 0, Words: 1, Lines: 1]
wp-admin/credits.php [Status: 302, Size: 0, Words: 1, Lines: 1]
wp-admin/edit-comments.php [Status: 302, Size: 0, Words: 1, Lines: 1]
wp-admin/edit.php [Status: 302, Size: 0, Words: 1, Lines: 1]
wp-admin/includes/admin.php [Status: 200, Size: 333, Words: 23, Lines: 6]
wp-admin/includes/bookmark.php [Status: 200, Size: 0, Words: 1, Lines: 1]
wp-admin/includes/ajax-actions.php [Status: 200, Size: 0, Words: 1, Lines: 1]
wp-admin/includes/class-ftp-sockets.php [Status: 200, Size: 339, Words: 22, Lines: 6]
wp-admin/includes/class-ftp-pure.php [Status: 200, Size: 333, Words: 22, Lines: 6]
wp-admin/includes/class-ftp.php [Status: 200, Size: 0, Words: 1, Lines: 1]
wp-admin/includes/class-pclzip.php [Status: 200, Size: 0, Words: 1, Lines: 1]
wp-admin/includes/class-wp-comments-list-table.php [Status: 200, Size: 366, Words: 22, Lines: 6]
wp-admin/includes/class-wp-filesystem-base.php [Status: 200, Size: 0, Words: 1, Lines: 1]
wp-admin/includes/class-wp-filesystem-direct.php [Status: 200, Size: 367, Words: 22, Lines: 6]
wp-admin/includes/class-wp-filesystem-ftpext.php [Status: 200, Size: 367, Words: 22, Lines: 6]
wp-admin/includes/class-wp-filesystem-ftpsockets.php [Status: 200, Size: 375, Words: 22, Lines: 6]
wp-admin/includes/class-wp-filesystem-ssh2.php [Status: 200, Size: 363, Words: 22, Lines: 6]
wp-admin/edit-tags.php [Status: 302, Size: 0, Words: 1, Lines: 1]
wp-admin/includes/class-wp-list-table.php [Status: 200, Size: 0, Words: 1, Lines: 1]
wp-admin/includes/class-wp-importer.php [Status: 200, Size: 0, Words: 1, Lines: 1]
wp-admin/includes/class-wp-media-list-table.php [Status: 200, Size: 360, Words: 22, Lines: 6]
wp-admin/includes/class-wp-ms-sites-list-table.php [Status: 200, Size: 366, Words: 22, Lines: 6]
wp-admin/includes/class-wp-links-list-table.php [Status: 200, Size: 360, Words: 22, Lines: 6]
wp-admin/includes/class-wp-ms-users-list-table.php [Status: 200, Size: 366, Words: 22, Lines: 6]
wp-admin/includes/class-wp-ms-themes-list-table.php [Status: 200, Size: 368, Words: 22, Lines: 6]
wp-admin/includes/class-wp-posts-list-table.php [Status: 200, Size: 360, Words: 22, Lines: 6]
wp-admin/includes/class-wp-plugins-list-table.php [Status: 200, Size: 364, Words: 22, Lines: 6]
wp-admin/includes/class-wp-plugin-install-list-table.php [Status: 200, Size: 378, Words: 22, Lines: 6]
wp-admin/includes/class-wp-terms-list-table.php [Status: 200, Size: 360, Words: 22, Lines: 6]
wp-admin/includes/class-wp-theme-install-list-table.php [Status: 200, Size: 383, Words: 22, Lines: 6]
wp-admin/includes/class-wp-themes-list-table.php [Status: 200, Size: 362, Words: 22, Lines: 6]
wp-admin/includes/class-wp-users-list-table.php [Status: 200, Size: 360, Words: 22, Lines: 6]
wp-admin/includes/class-wp-upgrader.php [Status: 200, Size: 0, Words: 1, Lines: 1]
wp-admin/includes/comment.php [Status: 200, Size: 0, Words: 1, Lines: 1]
wp-admin/includes/continents-cities.php [Status: 200, Size: 344, Words: 23, Lines: 6]
wp-admin/includes/deprecated.php [Status: 200, Size: 363, Words: 22, Lines: 6]
wp-admin/includes/dashboard.php [Status: 200, Size: 0, Words: 1, Lines: 1]
wp-admin/includes/file.php [Status: 200, Size: 318, Words: 23, Lines: 6]
wp-admin/export.php [Status: 302, Size: 0, Words: 1, Lines: 1]
wp-admin/includes/image-edit.php [Status: 200, Size: 0, Words: 1, Lines: 1]
wp-admin/includes/list-table.php [Status: 200, Size: 0, Words: 1, Lines: 1]
wp-admin/includes/import.php [Status: 200, Size: 0, Words: 1, Lines: 1]
wp-admin/includes/export.php [Status: 200, Size: 0, Words: 1, Lines: 1]
wp-admin/includes/menu.php [Status: 200, Size: 330, Words: 23, Lines: 6]
wp-admin/includes/media.php [Status: 200, Size: 0, Words: 1, Lines: 1]
wp-admin/includes/image.php [Status: 200, Size: 0, Words: 1, Lines: 1]
wp-admin/includes/misc.php [Status: 200, Size: 0, Words: 1, Lines: 1]
wp-admin/includes/meta-boxes.php [Status: 200, Size: 0, Words: 1, Lines: 1]
wp-admin/includes/ms-deprecated.php [Status: 200, Size: 0, Words: 1, Lines: 1]
wp-admin/includes/plugin-install.php [Status: 200, Size: 0, Words: 1, Lines: 1]
wp-admin/includes/nav-menu.php [Status: 200, Size: 0, Words: 1, Lines: 1]
wp-admin/includes/ms.php [Status: 200, Size: 0, Words: 1, Lines: 1]
wp-admin/includes/post.php [Status: 200, Size: 0, Words: 1, Lines: 1]
wp-admin/includes/plugin.php [Status: 200, Size: 0, Words: 1, Lines: 1]
wp-admin/includes/screen.php [Status: 200, Size: 0, Words: 1, Lines: 1]
wp-admin/js/ [Status: 403, Size: 699, Words: 60, Lines: 14]
wp-admin/includes/theme-install.php [Status: 200, Size: 0, Words: 1, Lines: 1]
wp-admin/includes/schema.php [Status: 200, Size: 346, Words: 26, Lines: 6]
wp-admin/includes/template.php [Status: 200, Size: 0, Words: 1, Lines: 1]
wp-admin/includes/taxonomy.php [Status: 200, Size: 0, Words: 1, Lines: 1]
wp-admin/includes/revision.php [Status: 200, Size: 0, Words: 1, Lines: 1]
wp-admin/includes/update.php [Status: 200, Size: 0, Words: 1, Lines: 1]
wp-admin/includes/user.php [Status: 200, Size: 0, Words: 1, Lines: 1]
wp-admin/includes/theme.php [Status: 200, Size: 0, Words: 1, Lines: 1]
wp-admin/includes/update-core.php [Status: 200, Size: 0, Words: 1, Lines: 1]
wp-admin/includes/widgets.php [Status: 200, Size: 0, Words: 1, Lines: 1]
wp-admin/js/accordion.js [Status: 200, Size: 2956, Words: 319, Lines: 95]
wp-admin/js/accordion.min.js [Status: 200, Size: 865, Words: 8, Lines: 2]
wp-admin/includes/upgrade.php [Status: 200, Size: 0, Words: 1, Lines: 1]
wp-admin/js/color-picker.js [Status: 200, Size: 9766, Words: 1131, Lines: 357]
wp-admin/js/comment.min.js [Status: 200, Size: 1331, Words: 17, Lines: 2]
wp-admin/js/comment.js [Status: 200, Size: 2928, Words: 323, Lines: 103]
wp-admin/js/color-picker.min.js [Status: 200, Size: 3488, Words: 42, Lines: 2]
wp-admin/js/common.js [Status: 200, Size: 53964, Words: 5898, Lines: 2080]
wp-admin/js/custom-header.js [Status: 200, Size: 2023, Words: 241, Lines: 89]
wp-admin/js/custom-background.min.js [Status: 200, Size: 1222, Words: 9, Lines: 2]
wp-admin/js/custom-background.js [Status: 200, Size: 3450, Words: 371, Lines: 148]
wp-admin/js/common.min.js [Status: 200, Size: 20053, Words: 175, Lines: 2]
wp-admin/js/dashboard.min.js [Status: 200, Size: 8814, Words: 136, Lines: 2]
wp-admin/js/dashboard.js [Status: 200, Size: 27588, Words: 3232, Lines: 840]
wp-admin/js/gallery.min.js [Status: 200, Size: 3866, Words: 33, Lines: 2]
wp-admin/js/gallery.js [Status: 200, Size: 5678, Words: 497, Lines: 242]
wp-admin/js/farbtastic.js [Status: 200, Size: 7689, Words: 1757, Lines: 276]
wp-admin/js/editor.min.js [Status: 200, Size: 13227, Words: 131, Lines: 2]
wp-admin/js/editor.js [Status: 200, Size: 45334, Words: 5432, Lines: 1417]
wp-admin/js/edit-comments.min.js [Status: 200, Size: 15284, Words: 150, Lines: 2]
wp-admin/js/edit-comments.js [Status: 200, Size: 37297, Words: 4272, Lines: 1349]
wp-admin/js/customize-controls.js [Status: 200, Size: 291309, Words: 28684, Lines: 9295]
wp-admin/js/inline-edit-post.min.js [Status: 200, Size: 7443, Words: 98, Lines: 2]
wp-admin/js/inline-edit-post.js [Status: 200, Size: 16561, Words: 1929, Lines: 572]
wp-admin/js/customize-controls.min.js [Status: 200, Size: 110908, Words: 616, Lines: 2]
wp-admin/js/image-edit.min.js [Status: 200, Size: 11263, Words: 93, Lines: 2]
wp-admin/js/image-edit.js [Status: 200, Size: 31958, Words: 4626, Lines: 1238]
wp-admin/js/postbox.min.js [Status: 200, Size: 6713, Words: 81, Lines: 2]
wp-admin/js/postbox.js [Status: 200, Size: 18841, Words: 2160, Lines: 655]
wp-admin/freedoms.php [Status: 302, Size: 0, Words: 1, Lines: 1]
wp-admin/js/inline-edit-tax.js [Status: 200, Size: 7808, Words: 1047, Lines: 295]
wp-admin/js/media-upload.min.js [Status: 200, Size: 1152, Words: 15, Lines: 2]
wp-admin/js/media-upload.js [Status: 200, Size: 3465, Words: 543, Lines: 114]
wp-admin/js/media.min.js [Status: 200, Size: 2065, Words: 38, Lines: 2]
wp-admin/js/media.js [Status: 200, Size: 5352, Words: 644, Lines: 210]
wp-admin/js/media-gallery.min.js [Status: 200, Size: 611, Words: 8, Lines: 2]
wp-admin/js/media-gallery.js [Status: 200, Size: 1303, Words: 143, Lines: 44]
wp-admin/js/link.min.js [Status: 200, Size: 1759, Words: 19, Lines: 2]
wp-admin/js/link.js [Status: 200, Size: 3986, Words: 488, Lines: 137]
wp-admin/js/iris.min.js [Status: 200, Size: 23643, Words: 359, Lines: 5]
wp-admin/js/inline-edit-tax.min.js [Status: 200, Size: 3013, Words: 42, Lines: 2]
wp-admin/js/plugin-install.min.js [Status: 200, Size: 2419, Words: 22, Lines: 2]
wp-admin/js/plugin-install.js [Status: 200, Size: 7104, Words: 865, Lines: 230]
wp-admin/js/password-strength-meter.min.js [Status: 200, Size: 1123, Words: 28, Lines: 2]
wp-admin/js/password-strength-meter.js [Status: 200, Size: 4236, Words: 547, Lines: 150]
wp-admin/js/nav-menu.min.js [Status: 200, Size: 22251, Words: 195, Lines: 2]
wp-admin/js/nav-menu.js [Status: 200, Size: 44895, Words: 4057, Lines: 1358]
wp-admin/js/post.min.js [Status: 200, Size: 19065, Words: 174, Lines: 2]
wp-admin/js/post.js [Status: 200, Size: 39866, Words: 3919, Lines: 1333]
wp-admin/js/tags.js [Status: 200, Size: 4741, Words: 581, Lines: 165]
wp-admin/js/set-post-thumbnail.min.js [Status: 200, Size: 620, Words: 22, Lines: 2]
wp-admin/js/set-post-thumbnail.js [Status: 200, Size: 876, Words: 86, Lines: 29]
wp-admin/js/revisions.min.js [Status: 200, Size: 17875, Words: 95, Lines: 2]
wp-admin/js/revisions.js [Status: 200, Size: 33920, Words: 3254, Lines: 1176]
wp-admin/js/theme.min.js [Status: 200, Size: 27012, Words: 179, Lines: 2]
wp-admin/js/theme.js [Status: 200, Size: 55753, Words: 5653, Lines: 2116]
wp-admin/js/tags.min.js [Status: 200, Size: 1879, Words: 31, Lines: 2]
wp-admin/maint/ [Status: 403, Size: 699, Words: 60, Lines: 14]
wp-admin/js/user-suggest.min.js [Status: 200, Size: 692, Words: 16, Lines: 2]
wp-admin/js/user-suggest.js [Status: 200, Size: 2317, Words: 322, Lines: 65]
wp-admin/js/user-profile.min.js [Status: 200, Size: 6113, Words: 74, Lines: 2]
wp-admin/js/user-profile.js [Status: 200, Size: 13537, Words: 1362, Lines: 476]
wp-admin/install.php [Status: 200, Size: 1365, Words: 73, Lines: 17]
wp-admin/js/xfn.min.js [Status: 200, Size: 474, Words: 10, Lines: 2]
wp-admin/js/xfn.js [Status: 200, Size: 757, Words: 104, Lines: 24]
wp-admin/js/word-count.min.js [Status: 200, Size: 1535, Words: 15, Lines: 2]
wp-admin/js/word-count.js [Status: 200, Size: 7696, Words: 1597, Lines: 221]
wp-admin/js/widgets.min.js [Status: 200, Size: 12622, Words: 82, Lines: 2]
wp-admin/js/widgets.js [Status: 200, Size: 23112, Words: 2091, Lines: 764]
wp-admin/install-helper.php [Status: 200, Size: 0, Words: 1, Lines: 1]
wp-admin/link-parse-opml.php [Status: 200, Size: 0, Words: 1, Lines: 1]
wp-admin/import.php [Status: 302, Size: 0, Words: 1, Lines: 1]
wp-admin/load-scripts.php [Status: 200, Size: 0, Words: 1, Lines: 1]
wp-admin/load-styles.php [Status: 200, Size: 0, Words: 1, Lines: 1]
wp-admin/index.php [Status: 302, Size: 0, Words: 1, Lines: 1]
wp-admin/maint/repair.php [Status: 200, Size: 1475, Words: 89, Lines: 19]
wp-admin/link-add.php [Status: 302, Size: 0, Words: 1, Lines: 1]
wp-admin/link-manager.php [Status: 302, Size: 0, Words: 1, Lines: 1]
wp-admin/menu-header.php [Status: 200, Size: 325, Words: 23, Lines: 6]
wp-admin/menu.php [Status: 200, Size: 300, Words: 23, Lines: 6]
wp-admin/link.php [Status: 302, Size: 0, Words: 1, Lines: 1]
wp-admin/moderation.php [Status: 302, Size: 0, Words: 1, Lines: 1]
wp-admin/media.php [Status: 302, Size: 0, Words: 1, Lines: 1]
wp-admin/media-new.php [Status: 302, Size: 0, Words: 1, Lines: 1]
wp-admin/media-upload.php [Status: 302, Size: 0, Words: 1, Lines: 1]
wp-admin/ms-admin.php [Status: 302, Size: 0, Words: 1, Lines: 1]
wp-admin/ms-delete-site.php [Status: 302, Size: 0, Words: 1, Lines: 1]
wp-admin/network/site-settings.php [Status: 302, Size: 0, Words: 1, Lines: 1]
wp-admin/network/sites.php [Status: 302, Size: 0, Words: 1, Lines: 1]
wp-admin/network/site-themes.php [Status: 302, Size: 0, Words: 1, Lines: 1]
wp-admin/options-discussion.php [Status: 302, Size: 0, Words: 1, Lines: 1]
wp-admin/network/setup.php [Status: 302, Size: 0, Words: 1, Lines: 1]
wp-admin/network/plugin-install.php [Status: 302, Size: 0, Words: 1, Lines: 1]
wp-admin/network/site-new.php [Status: 302, Size: 0, Words: 1, Lines: 1]
wp-admin/network/site-info.php [Status: 302, Size: 0, Words: 1, Lines: 1]
wp-admin/network/plugins.php [Status: 302, Size: 0, Words: 1, Lines: 1]
wp-admin/network/settings.php [Status: 302, Size: 0, Words: 1, Lines: 1]
wp-admin/network/menu.php [Status: 200, Size: 316, Words: 23, Lines: 6]
wp-admin/network/plugin-editor.php [Status: 302, Size: 0, Words: 1, Lines: 1]
wp-admin/network/profile.php [Status: 302, Size: 0, Words: 1, Lines: 1]
wp-admin/network/index.php [Status: 302, Size: 0, Words: 1, Lines: 1]
wp-admin/network.php [Status: 302, Size: 0, Words: 1, Lines: 1]
wp-admin/network/edit.php [Status: 302, Size: 0, Words: 1, Lines: 1]
wp-admin/network/credits.php [Status: 302, Size: 0, Words: 1, Lines: 1]
wp-admin/network/admin.php [Status: 302, Size: 0, Words: 1, Lines: 1]
wp-admin/network/freedoms.php [Status: 302, Size: 0, Words: 1, Lines: 1]
wp-admin/network/about.php [Status: 302, Size: 0, Words: 1, Lines: 1]
wp-admin/nav-menus.php [Status: 302, Size: 0, Words: 1, Lines: 1]
wp-admin/network/ [Status: 302, Size: 0, Words: 1, Lines: 1]
wp-admin/my-sites.php [Status: 302, Size: 0, Words: 1, Lines: 1]
wp-admin/ms-sites.php [Status: 302, Size: 0, Words: 1, Lines: 1]
wp-admin/ms-users.php [Status: 302, Size: 0, Words: 1, Lines: 1]
wp-admin/ms-upgrade-network.php [Status: 302, Size: 0, Words: 1, Lines: 1]
wp-admin/ms-themes.php [Status: 302, Size: 0, Words: 1, Lines: 1]
wp-admin/ms-options.php [Status: 302, Size: 0, Words: 1, Lines: 1]
wp-admin/ms-edit.php [Status: 302, Size: 0, Words: 1, Lines: 1]
wp-admin/network/users.php [Status: 302, Size: 0, Words: 1, Lines: 1]
wp-admin/network/user-new.php [Status: 302, Size: 0, Words: 1, Lines: 1]
wp-admin/network/user-edit.php [Status: 302, Size: 0, Words: 1, Lines: 1]
wp-admin/network/upgrade.php [Status: 302, Size: 0, Words: 1, Lines: 1]
wp-admin/network/update-core.php [Status: 302, Size: 0, Words: 1, Lines: 1]
wp-admin/network/update.php [Status: 302, Size: 0, Words: 1, Lines: 1]
wp-admin/network/theme-install.php [Status: 302, Size: 0, Words: 1, Lines: 1]
wp-admin/options-head.php [Status: 200, Size: 327, Words: 23, Lines: 6]
wp-admin/network/themes.php [Status: 302, Size: 0, Words: 1, Lines: 1]
wp-admin/network/theme-editor.php [Status: 302, Size: 0, Words: 1, Lines: 1]
wp-admin/network/site-users.php [Status: 302, Size: 0, Words: 1, Lines: 1]
wp-admin/options-general.php [Status: 302, Size: 0, Words: 1, Lines: 1]
wp-admin/options-permalink.php [Status: 302, Size: 0, Words: 1, Lines: 1]
wp-admin/options.php [Status: 302, Size: 0, Words: 1, Lines: 1]
wp-admin/options-media.php [Status: 302, Size: 0, Words: 1, Lines: 1]
wp-admin/options-privacy.php [Status: 302, Size: 0, Words: 1, Lines: 1]
wp-admin/options-reading.php [Status: 302, Size: 0, Words: 1, Lines: 1]
wp-content/plugins/akismet/ [Status: 403, Size: 699, Words: 60, Lines: 14]
wp-content/plugins/akismet/admin.php [Status: 403, Size: 699, Words: 60, Lines: 14]
wp-content/plugins/akismet/akismet.css [Status: 403, Size: 699, Words: 60, Lines: 14]
wp-content/plugins/akismet/akismet.gif [Status: 403, Size: 699, Words: 60, Lines: 14]
wp-content/plugins/akismet/akismet.js [Status: 403, Size: 699, Words: 60, Lines: 14]
wp-content/plugins/akismet/akismet.php [Status: 403, Size: 699, Words: 60, Lines: 14]
wp-content/plugins/akismet/img/ [Status: 403, Size: 699, Words: 60, Lines: 14]
wp-content/plugins/akismet/img/logo@2x.png [Status: 403, Size: 699, Words: 60, Lines: 14]
wp-content/plugins/akismet/img/logo.png [Status: 403, Size: 699, Words: 60, Lines: 14]
wp-content/plugins/akismet/index.php [Status: 403, Size: 699, Words: 60, Lines: 14]
wp-content/plugins/akismet/legacy.php [Status: 403, Size: 699, Words: 60, Lines: 14]
wp-content/plugins/akismet/readme.txt [Status: 403, Size: 699, Words: 60, Lines: 14]
wp-admin/options-writing.php [Status: 302, Size: 0, Words: 1, Lines: 1]
wp-content/plugins/akismet/widget.php [Status: 403, Size: 699, Words: 60, Lines: 14]
wp-admin/plugin-install.php [Status: 302, Size: 0, Words: 1, Lines: 1]
wp-admin/plugin-editor.php [Status: 302, Size: 0, Words: 1, Lines: 1]
wp-admin/plugins.php [Status: 302, Size: 0, Words: 1, Lines: 1]
wp-admin/post-new.php [Status: 302, Size: 0, Words: 1, Lines: 1]
wp-content/themes/twentyten/404.php [Status: 403, Size: 699, Words: 60, Lines: 14]
wp-content/themes/twentyten/archive.php [Status: 403, Size: 699, Words: 60, Lines: 14]
wp-content/themes/twentyten/attachment.php [Status: 403, Size: 699, Words: 60, Lines: 14]
wp-content/themes/twentyten/author.php [Status: 403, Size: 699, Words: 60, Lines: 14]
wp-content/themes/twentyten/category.php [Status: 403, Size: 699, Words: 60, Lines: 14]
wp-content/themes/twentyten/comments.php [Status: 403, Size: 699, Words: 60, Lines: 14]
wp-content/themes/twentyten/footer.php [Status: 403, Size: 699, Words: 60, Lines: 14]
wp-content/themes/twentyten/functions.php [Status: 403, Size: 699, Words: 60, Lines: 14]
wp-content/themes/twentyten/header.php [Status: 403, Size: 699, Words: 60, Lines: 14]
wp-admin/profile.php [Status: 302, Size: 0, Words: 1, Lines: 1]
wp-content/themes/twentyten/index.php [Status: 403, Size: 699, Words: 60, Lines: 14]
wp-content/themes/twentyten/loop.php [Status: 403, Size: 699, Words: 60, Lines: 14]
wp-content/themes/twentyten/onecolumn-page.php [Status: 403, Size: 699, Words: 60, Lines: 14]
wp-content/themes/twentyten/page.php [Status: 403, Size: 699, Words: 60, Lines: 14]
wp-content/themes/twentyten/search.php [Status: 403, Size: 699, Words: 60, Lines: 14]
wp-content/themes/twentyten/sidebar-footer.php [Status: 403, Size: 699, Words: 60, Lines: 14]
wp-content/themes/twentyten/sidebar.php [Status: 403, Size: 699, Words: 60, Lines: 14]
wp-content/themes/twentyten/single.php [Status: 403, Size: 699, Words: 60, Lines: 14]
wp-content/themes/twentyten/tag.php [Status: 403, Size: 699, Words: 60, Lines: 14]
wp-admin/press-this.php [Status: 302, Size: 0, Words: 1, Lines: 1]
wp-content/themes/twentythirteen/404.php [Status: 403, Size: 699, Words: 60, Lines: 14]
wp-content/themes/twentythirteen/archive.php [Status: 403, Size: 699, Words: 60, Lines: 14]
wp-content/themes/twentythirteen/author-bio.php [Status: 403, Size: 699, Words: 60, Lines: 14]
wp-content/themes/twentythirteen/author.php [Status: 403, Size: 699, Words: 60, Lines: 14]
wp-admin/post.php [Status: 302, Size: 0, Words: 1, Lines: 1]
wp-content/themes/twentythirteen/content-aside.php [Status: 403, Size: 699, Words: 60, Lines: 14]
wp-content/themes/twentythirteen/comments.php [Status: 403, Size: 699, Words: 60, Lines: 14]
wp-content/themes/twentythirteen/category.php [Status: 403, Size: 699, Words: 60, Lines: 14]
wp-content/themes/twentythirteen/content-chat.php [Status: 403, Size: 699, Words: 60, Lines: 14]
wp-content/themes/twentythirteen/content-audio.php [Status: 403, Size: 699, Words: 60, Lines: 14]
wp-content/themes/twentythirteen/content-link.php [Status: 403, Size: 699, Words: 60, Lines: 14]
wp-content/themes/twentythirteen/content-image.php [Status: 403, Size: 699, Words: 60, Lines: 14]
wp-content/themes/twentythirteen/content-gallery.php [Status: 403, Size: 699, Words: 60, Lines: 14]
wp-content/themes/twentythirteen/content-quote.php [Status: 403, Size: 699, Words: 60, Lines: 14]
wp-content/themes/twentythirteen/content.php [Status: 403, Size: 699, Words: 60, Lines: 14]
wp-content/themes/twentythirteen/content-none.php [Status: 403, Size: 699, Words: 60, Lines: 14]
wp-content/themes/twentythirteen/content-status.php [Status: 403, Size: 699, Words: 60, Lines: 14]
wp-content/themes/twentythirteen/content-video.php [Status: 403, Size: 699, Words: 60, Lines: 14]
wp-content/themes/twentythirteen/footer.php [Status: 403, Size: 699, Words: 60, Lines: 14]
wp-content/themes/twentythirteen/functions.php [Status: 403, Size: 699, Words: 60, Lines: 14]
wp-content/themes/twentythirteen/header.php [Status: 403, Size: 699, Words: 60, Lines: 14]
wp-content/themes/twentythirteen/image.php [Status: 403, Size: 699, Words: 60, Lines: 14]
wp-admin/revision.php [Status: 302, Size: 0, Words: 1, Lines: 1]
wp-content/themes/twentythirteen/inc/back-compat.php [Status: 403, Size: 699, Words: 60, Lines: 14]
wp-content/themes/twentythirteen/inc/custom-header.php [Status: 403, Size: 699, Words: 60, Lines: 14]
wp-content/themes/twentythirteen/index.php [Status: 403, Size: 699, Words: 60, Lines: 14]
wp-content/themes/twentythirteen/page.php [Status: 403, Size: 699, Words: 60, Lines: 14]
wp-content/themes/twentythirteen/search.php [Status: 403, Size: 699, Words: 60, Lines: 14]
wp-content/themes/twentythirteen/sidebar-main.php [Status: 403, Size: 699, Words: 60, Lines: 14]
wp-content/themes/twentythirteen/sidebar.php [Status: 403, Size: 699, Words: 60, Lines: 14]
wp-content/themes/twentythirteen/single.php [Status: 403, Size: 699, Words: 60, Lines: 14]
wp-content/themes/twentythirteen/tag.php [Status: 403, Size: 699, Words: 60, Lines: 14]
wp-content/themes/twentythirteen/taxonomy-post_format.php [Status: 403, Size: 699, Words: 60, Lines: 14]
wp-content/themes/twentytwelve/404.php [Status: 403, Size: 699, Words: 60, Lines: 14]
wp-content/themes/twentytwelve/archive.php [Status: 403, Size: 699, Words: 60, Lines: 14]
wp-content/themes/twentytwelve/author.php [Status: 403, Size: 699, Words: 60, Lines: 14]
wp-content/themes/twentytwelve/category.php [Status: 403, Size: 699, Words: 60, Lines: 14]
wp-content/themes/twentytwelve/comments.php [Status: 403, Size: 699, Words: 60, Lines: 14]
wp-content/themes/twentytwelve/content-aside.php [Status: 403, Size: 699, Words: 60, Lines: 14]
wp-content/themes/twentytwelve/content-image.php [Status: 403, Size: 699, Words: 60, Lines: 14]
wp-content/themes/twentytwelve/content-none.php [Status: 403, Size: 699, Words: 60, Lines: 14]
wp-content/themes/twentytwelve/content-link.php [Status: 403, Size: 699, Words: 60, Lines: 14]
wp-content/themes/twentytwelve/content.php [Status: 403, Size: 699, Words: 60, Lines: 14]
wp-content/themes/twentytwelve/content-page.php [Status: 403, Size: 699, Words: 60, Lines: 14]
wp-content/themes/twentytwelve/content-quote.php [Status: 403, Size: 699, Words: 60, Lines: 14]
wp-content/themes/twentytwelve/content-status.php [Status: 403, Size: 699, Words: 60, Lines: 14]
wp-content/themes/twentytwelve/footer.php [Status: 403, Size: 699, Words: 60, Lines: 14]
wp-content/themes/twentytwelve/functions.php [Status: 403, Size: 699, Words: 60, Lines: 14]
wp-content/themes/twentytwelve/header.php [Status: 403, Size: 699, Words: 60, Lines: 14]
wp-content/themes/twentytwelve/image.php [Status: 403, Size: 699, Words: 60, Lines: 14]
wp-content/themes/twentytwelve/inc/custom-header.php [Status: 403, Size: 699, Words: 60, Lines: 14]
wp-content/themes/twentytwelve/index.php [Status: 403, Size: 699, Words: 60, Lines: 14]
wp-content/themes/twentytwelve/page.php [Status: 403, Size: 699, Words: 60, Lines: 14]
wp-content/themes/twentytwelve/page-templates/front-page.php [Status: 403, Size: 699, Words: 60, Lines: 14]
wp-content/themes/twentytwelve/page-templates/full-width.php [Status: 403, Size: 699, Words: 60, Lines: 14]
wp-content/themes/twentytwelve/search.php [Status: 403, Size: 699, Words: 60, Lines: 14]
wp-content/themes/twentytwelve/sidebar-front.php [Status: 403, Size: 699, Words: 60, Lines: 14]
wp-content/themes/twentytwelve/sidebar.php [Status: 403, Size: 699, Words: 60, Lines: 14]
wp-content/themes/twentytwelve/single.php [Status: 403, Size: 699, Words: 60, Lines: 14]
wp-content/themes/twentytwelve/tag.php [Status: 403, Size: 699, Words: 60, Lines: 14]
wp-includes/ [Status: 403, Size: 699, Words: 60, Lines: 14]
wp-includes/admin-bar.php [Status: 403, Size: 699, Words: 60, Lines: 14]
wp-includes/atomlib.php [Status: 403, Size: 699, Words: 60, Lines: 14]
wp-includes/author-template.php [Status: 403, Size: 699, Words: 60, Lines: 14]
wp-includes/bookmark.php [Status: 403, Size: 699, Words: 60, Lines: 14]
wp-includes/bookmark-template.php [Status: 403, Size: 699, Words: 60, Lines: 14]
wp-includes/cache.php [Status: 403, Size: 699, Words: 60, Lines: 14]
wp-includes/canonical.php [Status: 403, Size: 699, Words: 60, Lines: 14]
wp-includes/capabilities.php [Status: 403, Size: 699, Words: 60, Lines: 14]
wp-includes/category.php [Status: 403, Size: 699, Words: 60, Lines: 14]
wp-includes/category-template.php [Status: 403, Size: 699, Words: 60, Lines: 14]
wp-includes/class-feed.php [Status: 403, Size: 699, Words: 60, Lines: 14]
wp-includes/class-http.php [Status: 403, Size: 699, Words: 60, Lines: 14]
wp-includes/class-IXR.php [Status: 403, Size: 699, Words: 60, Lines: 14]
wp-includes/class-json.php [Status: 403, Size: 699, Words: 60, Lines: 14]
wp-includes/class-phpass.php [Status: 403, Size: 699, Words: 60, Lines: 14]
wp-includes/class-oembed.php [Status: 403, Size: 699, Words: 60, Lines: 14]
wp-includes/class-phpmailer.php [Status: 403, Size: 699, Words: 60, Lines: 14]
wp-includes/class-pop3.php [Status: 403, Size: 699, Words: 60, Lines: 14]
wp-includes/class-simplepie.php [Status: 403, Size: 699, Words: 60, Lines: 14]
wp-includes/class-smtp.php [Status: 403, Size: 699, Words: 60, Lines: 14]
wp-includes/class-snoopy.php [Status: 403, Size: 699, Words: 60, Lines: 14]
wp-includes/class-wp-admin-bar.php [Status: 403, Size: 699, Words: 60, Lines: 14]
wp-includes/class-wp-ajax-response.php [Status: 403, Size: 699, Words: 60, Lines: 14]
wp-includes/class-wp-customize-control.php [Status: 403, Size: 699, Words: 60, Lines: 14]
wp-includes/class-wp-customize-manager.php [Status: 403, Size: 699, Words: 60, Lines: 14]
wp-includes/class-wp-customize-section.php [Status: 403, Size: 699, Words: 60, Lines: 14]
wp-includes/class-wp-customize-setting.php [Status: 403, Size: 699, Words: 60, Lines: 14]
wp-includes/class.wp-dependencies.php [Status: 403, Size: 699, Words: 60, Lines: 14]
wp-includes/class-wp-embed.php [Status: 403, Size: 699, Words: 60, Lines: 14]
wp-includes/class-wp-editor.php [Status: 403, Size: 699, Words: 60, Lines: 14]
wp-includes/class-wp-error.php [Status: 403, Size: 699, Words: 60, Lines: 14]
wp-includes/class-wp-http-ixr-client.php [Status: 403, Size: 699, Words: 60, Lines: 14]
wp-includes/class-wp-image-editor-gd.php [Status: 403, Size: 699, Words: 60, Lines: 14]
wp-includes/class-wp-image-editor-imagick.php [Status: 403, Size: 699, Words: 60, Lines: 14]
wp-includes/class-wp-image-editor.php [Status: 403, Size: 699, Words: 60, Lines: 14]
wp-includes/class-wp.php [Status: 403, Size: 699, Words: 60, Lines: 14]
wp-includes/class.wp-scripts.php [Status: 403, Size: 699, Words: 60, Lines: 14]
wp-includes/class.wp-styles.php [Status: 403, Size: 699, Words: 60, Lines: 14]
wp-includes/class-wp-theme.php [Status: 403, Size: 699, Words: 60, Lines: 14]
wp-includes/class-wp-walker.php [Status: 403, Size: 699, Words: 60, Lines: 14]
wp-includes/class-wp-xmlrpc-server.php [Status: 403, Size: 699, Words: 60, Lines: 14]
wp-includes/comment.php [Status: 403, Size: 699, Words: 60, Lines: 14]
wp-includes/comment-template.php [Status: 403, Size: 699, Words: 60, Lines: 14]
wp-includes/compat.php [Status: 403, Size: 699, Words: 60, Lines: 14]
wp-includes/cron.php [Status: 403, Size: 699, Words: 60, Lines: 14]
wp-includes/css/ [Status: 403, Size: 699, Words: 60, Lines: 14]
wp-includes/css/admin-bar.css [Status: 200, Size: 23876, Words: 1742, Lines: 1085]
wp-includes/css/admin-bar.min.css [Status: 200, Size: 19601, Words: 629, Lines: 2]
wp-includes/css/admin-bar-rtl.min.css [Status: 200, Size: 19600, Words: 629, Lines: 2]
wp-includes/css/admin-bar-rtl.css [Status: 200, Size: 23910, Words: 1747, Lines: 1086]
wp-includes/css/buttons.min.css [Status: 200, Size: 5854, Words: 172, Lines: 2]
wp-includes/css/buttons.css [Status: 200, Size: 9598, Words: 692, Lines: 402]
wp-includes/css/editor.css [Status: 200, Size: 33002, Words: 2042, Lines: 1880]
wp-includes/css/editor.min.css [Status: 200, Size: 27209, Words: 710, Lines: 2]
wp-includes/css/jquery-ui-dialog.css [Status: 200, Size: 5928, Words: 416, Lines: 358]
wp-includes/css/jquery-ui-dialog.min.css [Status: 200, Size: 4548, Words: 109, Lines: 18]
wp-includes/css/media-views.css [Status: 200, Size: 56034, Words: 3703, Lines: 2903]
wp-includes/css/media-views.min.css [Status: 200, Size: 45500, Words: 1358, Lines: 9]
wp-includes/css/media-views-rtl.css [Status: 200, Size: 56076, Words: 3708, Lines: 2904]
wp-includes/css/wp-auth-check.min.css [Status: 200, Size: 1916, Words: 42, Lines: 2]
wp-includes/css/wp-auth-check.css [Status: 200, Size: 2508, Words: 151, Lines: 124]
wp-includes/css/media-views-rtl.min.css [Status: 200, Size: 45507, Words: 1358, Lines: 9]
wp-includes/css/wp-pointer.css [Status: 200, Size: 4036, Words: 277, Lines: 225]
wp-includes/css/wp-pointer.min.css [Status: 200, Size: 3248, Words: 84, Lines: 2]
wp-includes/default-constants.php [Status: 403, Size: 699, Words: 60, Lines: 14]
wp-includes/default-filters.php [Status: 403, Size: 699, Words: 60, Lines: 14]
wp-includes/default-widgets.php [Status: 403, Size: 699, Words: 60, Lines: 14]
wp-includes/deprecated.php [Status: 403, Size: 699, Words: 60, Lines: 14]
wp-includes/feed-atom-comments.php [Status: 403, Size: 699, Words: 60, Lines: 14]
wp-includes/feed.php [Status: 403, Size: 699, Words: 60, Lines: 14]
wp-includes/feed-atom.php [Status: 403, Size: 699, Words: 60, Lines: 14]
wp-includes/feed-rss2-comments.php [Status: 403, Size: 699, Words: 60, Lines: 14]
wp-includes/feed-rdf.php [Status: 403, Size: 699, Words: 60, Lines: 14]
wp-includes/feed-rss2.php [Status: 403, Size: 699, Words: 60, Lines: 14]
wp-includes/feed-rss.php [Status: 403, Size: 699, Words: 60, Lines: 14]
wp-includes/formatting.php [Status: 403, Size: 699, Words: 60, Lines: 14]
wp-includes/functions.php [Status: 403, Size: 699, Words: 60, Lines: 14]
wp-includes/functions.wp-scripts.php [Status: 403, Size: 699, Words: 60, Lines: 14]
wp-includes/functions.wp-styles.php [Status: 403, Size: 699, Words: 60, Lines: 14]
wp-includes/general-template.php [Status: 403, Size: 699, Words: 60, Lines: 14]
wp-includes/ID3/ [Status: 403, Size: 699, Words: 60, Lines: 14]
wp-includes/http.php [Status: 403, Size: 699, Words: 60, Lines: 14]
wp-includes/ID3/getid3.lib.php [Status: 403, Size: 699, Words: 60, Lines: 14]
wp-includes/ID3/getid3.php [Status: 403, Size: 699, Words: 60, Lines: 14]
wp-includes/ID3/license.commercial.txt [Status: 200, Size: 1307, Words: 200, Lines: 28]
wp-includes/ID3/module.audio.mp3.php [Status: 403, Size: 699, Words: 60, Lines: 14]
wp-includes/ID3/module.audio.flac.php [Status: 403, Size: 699, Words: 60, Lines: 14]
wp-includes/ID3/module.audio.dts.php [Status: 403, Size: 699, Words: 60, Lines: 14]
wp-includes/ID3/module.audio.ac3.php [Status: 403, Size: 699, Words: 60, Lines: 14]
wp-includes/ID3/license.txt [Status: 200, Size: 1361, Words: 231, Lines: 30]
wp-includes/ID3/module.audio.ogg.php [Status: 403, Size: 699, Words: 60, Lines: 14]
wp-includes/ID3/module.audio-video.asf.php [Status: 403, Size: 699, Words: 60, Lines: 14]
wp-includes/ID3/module.audio-video.quicktime.php [Status: 403, Size: 699, Words: 60, Lines: 14]
wp-includes/ID3/module.audio-video.matroska.php [Status: 403, Size: 699, Words: 60, Lines: 14]
wp-includes/ID3/module.audio-video.flv.php [Status: 403, Size: 699, Words: 60, Lines: 14]
wp-includes/ID3/module.audio-video.riff.php [Status: 403, Size: 699, Words: 60, Lines: 14]
wp-includes/ID3/module.tag.apetag.php [Status: 403, Size: 699, Words: 60, Lines: 14]
wp-includes/ID3/module.tag.id3v1.php [Status: 403, Size: 699, Words: 60, Lines: 14]
wp-includes/ID3/module.tag.id3v2.php [Status: 403, Size: 699, Words: 60, Lines: 14]
wp-includes/ID3/module.tag.lyrics3.php [Status: 403, Size: 699, Words: 60, Lines: 14]
wp-includes/ID3/readme.txt [Status: 200, Size: 26245, Words: 3131, Lines: 628]
wp-includes/images/ [Status: 403, Size: 699, Words: 60, Lines: 14]
wp-includes/images/admin-bar-sprite-2x.png [Status: 200, Size: 3999, Words: 14, Lines: 13]
wp-includes/images/admin-bar-sprite.png [Status: 200, Size: 2467, Words: 16, Lines: 12]
wp-includes/images/arrow-pointer-blue-2x.png [Status: 200, Size: 1666, Words: 7, Lines: 9]
wp-includes/images/arrow-pointer-blue.png [Status: 200, Size: 793, Words: 1, Lines: 5]
wp-includes/images/blank.gif [Status: 200, Size: 43, Words: 1, Lines: 2]
wp-includes/images/crystal/ [Status: 403, Size: 699, Words: 60, Lines: 14]
wp-includes/images/crystal/archive.png [Status: 200, Size: 2454, Words: 7, Lines: 6]
wp-includes/images/crystal/audio.png [Status: 200, Size: 2184, Words: 4, Lines: 8]
wp-includes/images/crystal/code.png [Status: 200, Size: 1604, Words: 5, Lines: 5]
wp-includes/images/crystal/default.png [Status: 200, Size: 453, Words: 2, Lines: 3]
wp-includes/images/crystal/document.png [Status: 200, Size: 2063, Words: 7, Lines: 8]
wp-includes/images/crystal/interactive.png [Status: 200, Size: 2217, Words: 6, Lines: 7]
wp-includes/images/crystal/license.txt [Status: 200, Size: 149, Words: 10, Lines: 9]
wp-includes/images/crystal/spreadsheet.png [Status: 200, Size: 2408, Words: 3, Lines: 6]
wp-includes/images/crystal/text.png [Status: 200, Size: 670, Words: 3, Lines: 6]
wp-includes/images/crystal/video.png [Status: 200, Size: 1339, Words: 6, Lines: 10]
wp-includes/images/down_arrow-2x.gif [Status: 200, Size: 84, Words: 1, Lines: 1]
wp-includes/images/down_arrow.gif [Status: 200, Size: 59, Words: 1, Lines: 3]
wp-includes/images/icon-pointer-flag-2x.png [Status: 200, Size: 1369, Words: 12, Lines: 9]
wp-includes/images/icon-pointer-flag.png [Status: 200, Size: 783, Words: 7, Lines: 7]
wp-includes/images/rss-2x.png [Status: 200, Size: 1306, Words: 5, Lines: 12]
wp-includes/images/rss.png [Status: 200, Size: 608, Words: 3, Lines: 3]
wp-admin/themes.php [Status: 302, Size: 0, Words: 1, Lines: 1]
wp-includes/images/smilies/ [Status: 403, Size: 699, Words: 60, Lines: 14]
wp-includes/images/smilies/icon_arrow.gif [Status: 200, Size: 169, Words: 2, Lines: 2]
wp-includes/images/smilies/icon_biggrin.gif [Status: 200, Size: 173, Words: 1, Lines: 2]
wp-includes/images/smilies/icon_confused.gif [Status: 200, Size: 170, Words: 1, Lines: 2]
wp-includes/images/smilies/icon_cool.gif [Status: 200, Size: 172, Words: 1, Lines: 3]
wp-includes/images/smilies/icon_cry.gif [Status: 200, Size: 412, Words: 1, Lines: 10]
wp-includes/images/smilies/icon_eek.gif [Status: 200, Size: 170, Words: 1, Lines: 1]
wp-includes/images/smilies/icon_evil.gif [Status: 200, Size: 193, Words: 3, Lines: 1]
wp-includes/images/smilies/icon_exclaim.gif [Status: 200, Size: 236, Words: 1, Lines: 3]
wp-includes/images/smilies/icon_idea.gif [Status: 200, Size: 174, Words: 1, Lines: 1]
wp-includes/images/smilies/icon_lol.gif [Status: 200, Size: 331, Words: 3, Lines: 4]
wp-includes/images/smilies/icon_mad.gif [Status: 200, Size: 172, Words: 2, Lines: 1]
wp-includes/images/smilies/icon_mrgreen.gif [Status: 200, Size: 348, Words: 4, Lines: 3]
wp-includes/images/smilies/icon_neutral.gif [Status: 200, Size: 167, Words: 1, Lines: 1]
wp-includes/images/smilies/icon_question.gif [Status: 200, Size: 247, Words: 4, Lines: 2]
wp-includes/images/smilies/icon_razz.gif [Status: 200, Size: 175, Words: 1, Lines: 2]
wp-includes/images/smilies/icon_redface.gif [Status: 200, Size: 645, Words: 13, Lines: 7]
wp-includes/images/smilies/icon_rolleyes.gif [Status: 200, Size: 471, Words: 3, Lines: 9]
wp-includes/images/smilies/icon_sad.gif [Status: 200, Size: 167, Words: 1, Lines: 2]
wp-includes/images/smilies/icon_smile.gif [Status: 200, Size: 173, Words: 3, Lines: 1]
wp-includes/images/smilies/icon_surprised.gif [Status: 200, Size: 174, Words: 2, Lines: 3]
wp-includes/images/smilies/icon_twisted.gif [Status: 200, Size: 241, Words: 3, Lines: 1]
wp-includes/images/smilies/icon_wink.gif [Status: 200, Size: 168, Words: 2, Lines: 1]
wp-includes/images/toggle-arrow-2x.png [Status: 200, Size: 354, Words: 1, Lines: 4]
wp-includes/images/toggle-arrow.png [Status: 200, Size: 289, Words: 4, Lines: 4]
wp-includes/images/uploader-icons-2x.png [Status: 200, Size: 3542, Words: 20, Lines: 20]
wp-includes/images/uploader-icons.png [Status: 200, Size: 1556, Words: 8, Lines: 6]
wp-includes/images/wlw/ [Status: 403, Size: 699, Words: 60, Lines: 14]
wp-includes/images/wlw/wp-comments.png [Status: 200, Size: 1373, Words: 2, Lines: 9]
wp-includes/images/wlw/wp-icon.png [Status: 200, Size: 664, Words: 5, Lines: 7]
wp-includes/images/wlw/wp-watermark.png [Status: 200, Size: 2376, Words: 12, Lines: 15]
wp-includes/images/wpicons.png [Status: 200, Size: 7086, Words: 19, Lines: 24]
wp-admin/theme-editor.php [Status: 302, Size: 0, Words: 1, Lines: 1]
wp-includes/images/wpicons-2x.png [Status: 200, Size: 14931, Words: 70, Lines: 64]
wp-includes/js/ [Status: 403, Size: 699, Words: 60, Lines: 14]
wp-admin/upgrade-functions.php [Status: 200, Size: 340, Words: 23, Lines: 6]
wp-admin/tools.php [Status: 302, Size: 0, Words: 1, Lines: 1]
wp-admin/theme-install.php [Status: 302, Size: 0, Words: 1, Lines: 1]
wp-includes/images/wpspin-2x.gif [Status: 200, Size: 8875, Words: 100, Lines: 86]
wp-includes/images/wpspin.gif [Status: 200, Size: 2052, Words: 30, Lines: 30]
wp-includes/js/admin-bar.js [Status: 200, Size: 10762, Words: 1215, Lines: 454]
wp-includes/images/xit.gif [Status: 200, Size: 181, Words: 3, Lines: 3]
wp-includes/images/xit-2x.gif [Status: 200, Size: 825, Words: 1, Lines: 7]
wp-admin/update-core.php [Status: 302, Size: 0, Words: 1, Lines: 1]
wp-includes/js/admin-bar.min.js [Status: 200, Size: 3556, Words: 47, Lines: 2]
wp-includes/js/autosave.js [Status: 200, Size: 22518, Words: 2656, Lines: 904]
wp-includes/js/autosave.min.js [Status: 200, Size: 5847, Words: 60, Lines: 2]
wp-includes/js/backbone.min.js [Status: 200, Size: 23818, Words: 321, Lines: 2]
wp-includes/js/colorpicker.js [Status: 200, Size: 29083, Words: 2066, Lines: 708]
wp-includes/js/colorpicker.min.js [Status: 200, Size: 16562, Words: 131, Lines: 2]
wp-includes/js/crop/ [Status: 403, Size: 699, Words: 60, Lines: 14]
wp-includes/js/comment-reply.js [Status: 200, Size: 12457, Words: 1425, Lines: 445]
wp-includes/js/comment-reply.min.js [Status: 200, Size: 2984, Words: 35, Lines: 2]
wp-includes/js/crop/cropper.css [Status: 200, Size: 2949, Words: 285, Lines: 165]
wp-includes/js/crop/marqueeHoriz.gif [Status: 200, Size: 277, Words: 3, Lines: 1]
wp-includes/js/crop/cropper.js [Status: 200, Size: 16485, Words: 358, Lines: 517]
wp-includes/js/crop/marqueeVert.gif [Status: 200, Size: 293, Words: 1, Lines: 9]
wp-includes/js/customize-base.js [Status: 200, Size: 25766, Words: 3266, Lines: 994]
wp-includes/js/customize-base.min.js [Status: 200, Size: 7858, Words: 97, Lines: 2]
wp-includes/js/customize-loader.min.js [Status: 200, Size: 3553, Words: 22, Lines: 2]
wp-includes/js/customize-loader.js [Status: 200, Size: 7904, Words: 811, Lines: 292]
wp-includes/js/customize-preview.js [Status: 200, Size: 27960, Words: 3003, Lines: 900]
wp-includes/js/customize-preview.min.js [Status: 200, Size: 10758, Words: 57, Lines: 2]
wp-includes/js/heartbeat.js [Status: 200, Size: 23154, Words: 2755, Lines: 871]
wp-includes/js/heartbeat.min.js [Status: 200, Size: 5883, Words: 57, Lines: 2]
wp-includes/js/hoverIntent.js [Status: 200, Size: 4950, Words: 1341, Lines: 116]
wp-includes/js/imgareaselect/ [Status: 403, Size: 699, Words: 60, Lines: 14]
wp-includes/js/hoverIntent.min.js [Status: 200, Size: 1122, Words: 13, Lines: 2]
wp-includes/js/imgareaselect/border-anim-v.gif [Status: 200, Size: 178, Words: 1, Lines: 7]
wp-includes/js/imgareaselect/border-anim-h.gif [Status: 200, Size: 178, Words: 1, Lines: 7]
wp-includes/js/imgareaselect/imgareaselect.css [Status: 200, Size: 790, Words: 72, Lines: 42]
wp-includes/js/imgareaselect/jquery.imgareaselect.min.js [Status: 200, Size: 9717, Words: 97, Lines: 1]
wp-includes/js/imgareaselect/jquery.imgareaselect.js [Status: 200, Size: 38166, Words: 12319, Lines: 1234]
wp-includes/js/jcrop/ [Status: 403, Size: 699, Words: 60, Lines: 14]
wp-includes/js/jcrop/Jcrop.gif [Status: 200, Size: 323, Words: 1, Lines: 9]
wp-includes/js/jcrop/jquery.Jcrop.min.css [Status: 200, Size: 2124, Words: 17, Lines: 30]
wp-includes/js/jquery/ [Status: 403, Size: 699, Words: 60, Lines: 14]
wp-includes/js/jcrop/jquery.Jcrop.min.js [Status: 200, Size: 15893, Words: 244, Lines: 23]
wp-includes/js/jquery/jquery.color.min.js [Status: 200, Size: 9315, Words: 80, Lines: 2]
wp-includes/js/jquery/jquery.form.js [Status: 200, Size: 41023, Words: 4221, Lines: 1521]
wp-includes/js/jquery/jquery.form.min.js [Status: 200, Size: 16015, Words: 235, Lines: 1]
wp-includes/js/jquery/jquery.hotkeys.min.js [Status: 200, Size: 1793, Words: 13, Lines: 1]
wp-includes/js/jquery/jquery.hotkeys.js [Status: 200, Size: 5617, Words: 1507, Lines: 135]
wp-includes/js/jquery/jquery.masonry.min.js [Status: 200, Size: 1819, Words: 52, Lines: 11]
wp-includes/js/jquery/jquery-migrate.min.js [Status: 200, Size: 11224, Words: 377, Lines: 3]
wp-includes/js/jquery/jquery-migrate.js [Status: 200, Size: 25300, Words: 3618, Lines: 860]
wp-includes/js/jquery/jquery.schedule.js [Status: 200, Size: 3457, Words: 59, Lines: 36]
wp-includes/js/jquery/jquery.query.js [Status: 200, Size: 3785, Words: 122, Lines: 12]
wp-includes/js/jquery/jquery.ui.touch-punch.js [Status: 200, Size: 1179, Words: 41, Lines: 11]
wp-includes/js/jquery/jquery.table-hotkeys.min.js [Status: 200, Size: 2295, Words: 26, Lines: 1]
wp-includes/js/jquery/jquery.serialize-object.js [Status: 200, Size: 769, Words: 147, Lines: 32]
wp-includes/js/jquery/ui/ [Status: 403, Size: 699, Words: 60, Lines: 14]
wp-includes/js/jquery/jquery.js [Status: 200, Size: 287650, Words: 35680, Lines: 10873]
wp-includes/js/jquery/suggest.min.js [Status: 200, Size: 2993, Words: 39, Lines: 2]
wp-includes/js/jquery/suggest.js [Status: 200, Size: 6991, Words: 498, Lines: 317]
wp-includes/js/jquery/jquery.table-hotkeys.js [Status: 200, Size: 3752, Words: 238, Lines: 100]
wp-admin/upgrade.php [Status: 200, Size: 1334, Words: 66, Lines: 24]
wp-includes/js/json2.js [Status: 200, Size: 18422, Words: 6574, Lines: 519]
wp-includes/js/json2.min.js [Status: 200, Size: 3153, Words: 62, Lines: 2]
wp-includes/js/mediaelement/ [Status: 403, Size: 699, Words: 60, Lines: 14]
wp-includes/js/mce-view.min.js [Status: 200, Size: 9883, Words: 92, Lines: 2]
wp-includes/js/mce-view.js [Status: 200, Size: 26059, Words: 3084, Lines: 986]
wp-includes/js/media-editor.min.js [Status: 200, Size: 10909, Words: 95, Lines: 2]
wp-includes/js/media-editor.js [Status: 200, Size: 29119, Words: 3308, Lines: 1069]
wp-includes/js/mediaelement/mediaelementplayer.min.css [Status: 200, Size: 11407, Words: 132, Lines: 1]
wp-includes/js/mediaelement/wp-mediaelement.css [Status: 200, Size: 4960, Words: 282, Lines: 294]
wp-includes/js/mediaelement/wp-mediaelement.js [Status: 200, Size: 2363, Words: 267, Lines: 89]
wp-includes/js/mediaelement/mediaelement-and-player.min.js [Status: 200, Size: 157610, Words: 2020, Lines: 12]
wp-includes/js/plupload/ [Status: 403, Size: 699, Words: 60, Lines: 14]
wp-includes/js/media-models.js [Status: 200, Size: 45137, Words: 5410, Lines: 1659]
wp-includes/js/media-models.min.js [Status: 200, Size: 13811, Words: 119, Lines: 2]
wp-includes/js/media-views.min.js [Status: 200, Size: 107493, Words: 685, Lines: 2]
wp-includes/js/plupload/license.txt [Status: 200, Size: 17987, Words: 3013, Lines: 340]
wp-includes/js/plupload/handlers.min.js [Status: 200, Size: 11346, Words: 120, Lines: 1]
wp-includes/js/plupload/handlers.js [Status: 200, Size: 18944, Words: 1961, Lines: 619]
wp-includes/js/media-views.js [Status: 200, Size: 267734, Words: 33454, Lines: 10260]
wp-includes/js/plupload/wp-plupload.js [Status: 200, Size: 16179, Words: 2019, Lines: 572]
wp-includes/js/quicktags.js [Status: 200, Size: 22615, Words: 2627, Lines: 750]
wp-includes/js/plupload/wp-plupload.min.js [Status: 200, Size: 5837, Words: 39, Lines: 1]
wp-includes/js/quicktags.min.js [Status: 200, Size: 11149, Words: 108, Lines: 2]
wp-includes/js/plupload/plupload.js [Status: 200, Size: 60314, Words: 6473, Lines: 2380]
wp-includes/js/shortcode.js [Status: 200, Size: 10758, Words: 1475, Lines: 388]
wp-includes/js/shortcode.min.js [Status: 200, Size: 2650, Words: 34, Lines: 2]
wp-includes/js/swfobject.js [Status: 200, Size: 10231, Words: 188, Lines: 4]
wp-includes/js/swfupload/ [Status: 403, Size: 699, Words: 60, Lines: 14]
wp-includes/js/swfupload/handlers.js [Status: 200, Size: 1460, Words: 101, Lines: 55]
wp-includes/js/swfupload/handlers.min.js [Status: 200, Size: 1276, Words: 26, Lines: 1]
wp-includes/js/swfupload/license.txt [Status: 200, Size: 1540, Words: 207, Lines: 32]
wp-includes/js/swfupload/swfupload.js [Status: 200, Size: 4439, Words: 265, Lines: 141]
wp-includes/js/thickbox/ [Status: 403, Size: 699, Words: 60, Lines: 14]
wp-includes/js/thickbox/macFFBgHack.png [Status: 200, Size: 94, Words: 1, Lines: 3]
wp-includes/js/thickbox/thickbox.css [Status: 200, Size: 2659, Words: 216, Lines: 157]
wp-includes/js/thickbox/loadingAnimation.gif [Status: 200, Size: 15238, Words: 67, Lines: 122]
wp-includes/js/tinymce/ [Status: 403, Size: 699, Words: 60, Lines: 14]
wp-includes/js/thickbox/thickbox.js [Status: 200, Size: 13194, Words: 1017, Lines: 339]
wp-includes/js/tinymce/langs/ [Status: 403, Size: 699, Words: 60, Lines: 14]
wp-includes/js/tinymce/langs/wp-langs-en.js [Status: 200, Size: 15529, Words: 1200, Lines: 517]
wp-includes/js/tinymce/license.txt [Status: 200, Size: 26441, Words: 4467, Lines: 505]
wp-includes/js/tinymce/plugins/ [Status: 403, Size: 699, Words: 60, Lines: 14]
wp-includes/js/tinymce/plugins/directionality/ [Status: 403, Size: 699, Words: 60, Lines: 14]
wp-includes/js/tinymce/plugins/fullscreen/ [Status: 403, Size: 699, Words: 60, Lines: 14]
wp-includes/js/tinymce/plugins/media/ [Status: 403, Size: 699, Words: 60, Lines: 14]
wp-includes/js/tinymce/plugins/paste/ [Status: 403, Size: 699, Words: 60, Lines: 14]
wp-includes/js/tinymce/plugins/tabfocus/ [Status: 403, Size: 699, Words: 60, Lines: 14]
wp-includes/js/tinymce/plugins/wordpress/ [Status: 403, Size: 699, Words: 60, Lines: 14]
wp-includes/js/tinymce/plugins/wpdialogs/ [Status: 403, Size: 699, Words: 60, Lines: 14]
wp-includes/js/tinymce/plugins/wpeditimage/ [Status: 403, Size: 699, Words: 60, Lines: 14]
wp-includes/js/tinymce/plugins/wpgallery/ [Status: 403, Size: 699, Words: 60, Lines: 14]
wp-admin/update.php [Status: 302, Size: 0, Words: 1, Lines: 1]
wp-includes/js/tinymce/plugins/wplink/ [Status: 403, Size: 699, Words: 60, Lines: 14]
wp-includes/js/tinymce/plugins/wpview/ [Status: 403, Size: 699, Words: 60, Lines: 14]
wp-includes/js/tinymce/themes/ [Status: 403, Size: 699, Words: 60, Lines: 14]
wp-includes/js/tinymce/utils/ [Status: 403, Size: 699, Words: 60, Lines: 14]
wp-includes/js/tinymce/tiny_mce_popup.js [Status: 200, Size: 15988, Words: 3347, Lines: 543]
wp-includes/js/tinymce/utils/editable_selects.js [Status: 200, Size: 2125, Words: 389, Lines: 73]
wp-includes/js/tinymce/utils/form_utils.js [Status: 200, Size: 6071, Words: 942, Lines: 223]
wp-includes/js/tinymce/utils/mctabs.js [Status: 200, Size: 4160, Words: 660, Lines: 168]
wp-includes/js/tinymce/utils/validate.js [Status: 200, Size: 6466, Words: 1548, Lines: 268]
wp-includes/js/tw-sack.js [Status: 200, Size: 4969, Words: 354, Lines: 194]
wp-includes/js/tw-sack.min.js [Status: 200, Size: 3299, Words: 26, Lines: 2]
wp-includes/js/underscore.min.js [Status: 200, Size: 16045, Words: 348, Lines: 2]
wp-includes/js/utils.js [Status: 200, Size: 4665, Words: 686, Lines: 205]
wp-includes/js/utils.min.js [Status: 200, Size: 1864, Words: 39, Lines: 2]
wp-includes/js/wp-ajax-response.js [Status: 200, Size: 3214, Words: 374, Lines: 71]
wp-includes/js/wp-auth-check.js [Status: 200, Size: 4225, Words: 499, Lines: 172]
wp-includes/js/wp-ajax-response.min.js [Status: 200, Size: 2098, Words: 35, Lines: 2]
wp-includes/js/wplink.js [Status: 200, Size: 21160, Words: 1971, Lines: 802]
wp-includes/js/wp-backbone.min.js [Status: 200, Size: 3037, Words: 36, Lines: 2]
wp-includes/js/wp-backbone.js [Status: 200, Size: 15240, Words: 2497, Lines: 567]
wp-includes/js/wp-auth-check.min.js [Status: 200, Size: 1674, Words: 33, Lines: 2]
wp-includes/js/wplink.min.js [Status: 200, Size: 11283, Words: 66, Lines: 2]
wp-includes/js/wp-list-revisions.min.js [Status: 200, Size: 597, Words: 9, Lines: 2]
wp-includes/js/wp-list-revisions.js [Status: 200, Size: 970, Words: 112, Lines: 29]
wp-includes/js/wp-lists.js [Status: 200, Size: 25315, Words: 3747, Lines: 859]
wp-includes/js/wp-lists.min.js [Status: 200, Size: 7434, Words: 46, Lines: 2]
wp-includes/js/wp-pointer.js [Status: 200, Size: 10233, Words: 1262, Lines: 421]
wp-includes/js/wp-pointer.min.js [Status: 200, Size: 3621, Words: 39, Lines: 2]
wp-includes/js/wp-util.js [Status: 200, Size: 3981, Words: 624, Lines: 138]
wp-includes/js/wp-util.min.js [Status: 200, Size: 1077, Words: 16, Lines: 2]
wp-includes/l10n.php [Status: 403, Size: 699, Words: 60, Lines: 14]
wp-includes/kses.php [Status: 403, Size: 699, Words: 60, Lines: 14]
wp-includes/media-template.php [Status: 403, Size: 699, Words: 60, Lines: 14]
wp-includes/load.php [Status: 403, Size: 699, Words: 60, Lines: 14]
wp-includes/link-template.php [Status: 403, Size: 699, Words: 60, Lines: 14]
wp-includes/media.php [Status: 403, Size: 699, Words: 60, Lines: 14]
wp-includes/locale.php [Status: 403, Size: 699, Words: 60, Lines: 14]
wp-includes/ms-blogs.php [Status: 403, Size: 699, Words: 60, Lines: 14]
wp-includes/meta.php [Status: 403, Size: 699, Words: 60, Lines: 14]
wp-admin/user/ [Status: 302, Size: 0, Words: 1, Lines: 1]
wp-includes/ms-deprecated.php [Status: 403, Size: 699, Words: 60, Lines: 14]
wp-includes/ms-default-filters.php [Status: 403, Size: 699, Words: 60, Lines: 14]
wp-includes/ms-default-constants.php [Status: 403, Size: 699, Words: 60, Lines: 14]
wp-includes/ms-functions.php [Status: 403, Size: 699, Words: 60, Lines: 14]
wp-includes/ms-load.php [Status: 403, Size: 699, Words: 60, Lines: 14]
wp-includes/ms-settings.php [Status: 403, Size: 699, Words: 60, Lines: 14]
wp-includes/nav-menu.php [Status: 403, Size: 699, Words: 60, Lines: 14]
wp-includes/nav-menu-template.php [Status: 403, Size: 699, Words: 60, Lines: 14]
wp-includes/option.php [Status: 403, Size: 699, Words: 60, Lines: 14]
wp-includes/pluggable-deprecated.php [Status: 403, Size: 699, Words: 60, Lines: 14]
wp-includes/pluggable.php [Status: 403, Size: 699, Words: 60, Lines: 14]
wp-includes/plugin.php [Status: 403, Size: 699, Words: 60, Lines: 14]
wp-includes/pomo/ [Status: 403, Size: 699, Words: 60, Lines: 14]
wp-includes/pomo/mo.php [Status: 403, Size: 699, Words: 60, Lines: 14]
wp-includes/pomo/entry.php [Status: 403, Size: 699, Words: 60, Lines: 14]
wp-includes/pomo/streams.php [Status: 403, Size: 699, Words: 60, Lines: 14]
wp-includes/pomo/po.php [Status: 403, Size: 699, Words: 60, Lines: 14]
wp-includes/pomo/translations.php [Status: 403, Size: 699, Words: 60, Lines: 14]
wp-includes/post.php [Status: 403, Size: 699, Words: 60, Lines: 14]
wp-includes/post-formats.php [Status: 403, Size: 699, Words: 60, Lines: 14]
wp-includes/post-thumbnail-template.php [Status: 403, Size: 699, Words: 60, Lines: 14]
wp-includes/post-template.php [Status: 403, Size: 699, Words: 60, Lines: 14]
wp-includes/registration-functions.php [Status: 403, Size: 699, Words: 60, Lines: 14]
wp-includes/query.php [Status: 403, Size: 699, Words: 60, Lines: 14]
wp-includes/registration.php [Status: 403, Size: 699, Words: 60, Lines: 14]
wp-includes/revision.php [Status: 403, Size: 699, Words: 60, Lines: 14]
wp-includes/rewrite.php [Status: 403, Size: 699, Words: 60, Lines: 14]
wp-includes/rss-functions.php [Status: 403, Size: 699, Words: 60, Lines: 14]
wp-includes/rss.php [Status: 403, Size: 699, Words: 60, Lines: 14]
wp-includes/script-loader.php [Status: 403, Size: 699, Words: 60, Lines: 14]
wp-includes/shortcodes.php [Status: 403, Size: 699, Words: 60, Lines: 14]
wp-includes/SimplePie/ [Status: 403, Size: 699, Words: 60, Lines: 14]
wp-includes/SimplePie/Author.php [Status: 403, Size: 699, Words: 60, Lines: 14]
wp-includes/SimplePie/Cache/ [Status: 403, Size: 699, Words: 60, Lines: 14]
wp-includes/SimplePie/Cache/Memcache.php [Status: 403, Size: 699, Words: 60, Lines: 14]
wp-includes/SimplePie/Cache/File.php [Status: 403, Size: 699, Words: 60, Lines: 14]
wp-includes/SimplePie/Cache/DB.php [Status: 403, Size: 699, Words: 60, Lines: 14]
wp-includes/SimplePie/Cache/Base.php [Status: 403, Size: 699, Words: 60, Lines: 14]
wp-includes/SimplePie/Cache/MySQL.php [Status: 403, Size: 699, Words: 60, Lines: 14]
wp-includes/SimplePie/Caption.php [Status: 403, Size: 699, Words: 60, Lines: 14]
wp-includes/SimplePie/Cache.php [Status: 403, Size: 699, Words: 60, Lines: 14]
wp-includes/SimplePie/Content/Type/ [Status: 403, Size: 699, Words: 60, Lines: 14]
wp-includes/SimplePie/Content/ [Status: 403, Size: 699, Words: 60, Lines: 14]
wp-includes/SimplePie/Category.php [Status: 403, Size: 699, Words: 60, Lines: 14]
wp-includes/SimplePie/Content/Type/Sniffer.php [Status: 403, Size: 699, Words: 60, Lines: 14]
wp-includes/SimplePie/Copyright.php [Status: 403, Size: 699, Words: 60, Lines: 14]
wp-includes/SimplePie/Core.php [Status: 403, Size: 699, Words: 60, Lines: 14]
wp-includes/SimplePie/Credit.php [Status: 403, Size: 699, Words: 60, Lines: 14]
wp-includes/SimplePie/Decode/HTML/ [Status: 403, Size: 699, Words: 60, Lines: 14]
wp-includes/SimplePie/Decode/ [Status: 403, Size: 699, Words: 60, Lines: 14]
wp-includes/SimplePie/Decode/HTML/Entities.php [Status: 403, Size: 699, Words: 60, Lines: 14]
wp-includes/SimplePie/Enclosure.php [Status: 403, Size: 699, Words: 60, Lines: 14]
wp-includes/SimplePie/Exception.php [Status: 403, Size: 699, Words: 60, Lines: 14]
wp-includes/SimplePie/File.php [Status: 403, Size: 699, Words: 60, Lines: 14]
wp-includes/SimplePie/HTTP/ [Status: 403, Size: 699, Words: 60, Lines: 14]
wp-includes/SimplePie/gzdecode.php [Status: 403, Size: 699, Words: 60, Lines: 14]
wp-includes/SimplePie/HTTP/Parser.php [Status: 403, Size: 699, Words: 60, Lines: 14]
wp-includes/SimplePie/Item.php [Status: 403, Size: 699, Words: 60, Lines: 14]
wp-includes/SimplePie/IRI.php [Status: 403, Size: 699, Words: 60, Lines: 14]
wp-includes/SimplePie/Net/ [Status: 403, Size: 699, Words: 60, Lines: 14]
wp-includes/SimplePie/Locator.php [Status: 403, Size: 699, Words: 60, Lines: 14]
wp-includes/SimplePie/Misc.php [Status: 403, Size: 699, Words: 60, Lines: 14]
wp-includes/SimplePie/Net/IPv6.php [Status: 403, Size: 699, Words: 60, Lines: 14]
wp-includes/SimplePie/Parse/ [Status: 403, Size: 699, Words: 60, Lines: 14]
wp-includes/SimplePie/Parse/Date.php [Status: 403, Size: 699, Words: 60, Lines: 14]
wp-includes/SimplePie/Parser.php [Status: 403, Size: 699, Words: 60, Lines: 14]
wp-includes/SimplePie/Rating.php [Status: 403, Size: 699, Words: 60, Lines: 14]
wp-includes/SimplePie/Registry.php [Status: 403, Size: 699, Words: 60, Lines: 14]
wp-includes/SimplePie/Restriction.php [Status: 403, Size: 699, Words: 60, Lines: 14]
wp-includes/SimplePie/Sanitize.php [Status: 403, Size: 699, Words: 60, Lines: 14]
wp-includes/SimplePie/XML/Declaration/ [Status: 403, Size: 699, Words: 60, Lines: 14]
wp-includes/SimplePie/XML/ [Status: 403, Size: 699, Words: 60, Lines: 14]
wp-includes/SimplePie/XML/Declaration/Parser.php [Status: 403, Size: 699, Words: 60, Lines: 14]
wp-includes/SimplePie/Source.php [Status: 403, Size: 699, Words: 60, Lines: 14]
wp-includes/taxonomy.php [Status: 403, Size: 699, Words: 60, Lines: 14]
wp-includes/template-loader.php [Status: 403, Size: 699, Words: 60, Lines: 14]
wp-includes/Text/ [Status: 403, Size: 699, Words: 60, Lines: 14]
wp-includes/template.php [Status: 403, Size: 699, Words: 60, Lines: 14]
wp-includes/Text/Diff/Engine/ [Status: 403, Size: 699, Words: 60, Lines: 14]
wp-includes/Text/Diff/ [Status: 403, Size: 699, Words: 60, Lines: 14]
wp-includes/Text/Diff/Engine/native.php [Status: 403, Size: 699, Words: 60, Lines: 14]
wp-includes/Text/Diff/Engine/shell.php [Status: 403, Size: 699, Words: 60, Lines: 14]
wp-includes/Text/Diff/Engine/string.php [Status: 403, Size: 699, Words: 60, Lines: 14]
wp-includes/Text/Diff/Engine/xdiff.php [Status: 403, Size: 699, Words: 60, Lines: 14]
wp-includes/Text/Diff/Renderer/ [Status: 403, Size: 699, Words: 60, Lines: 14]
wp-includes/Text/Diff.php [Status: 403, Size: 699, Words: 60, Lines: 14]
wp-includes/Text/Diff/Renderer/inline.php [Status: 403, Size: 699, Words: 60, Lines: 14]
wp-includes/theme-compat/ [Status: 403, Size: 699, Words: 60, Lines: 14]
wp-includes/Text/Diff/Renderer.php [Status: 403, Size: 699, Words: 60, Lines: 14]
wp-includes/theme-compat/comments.php [Status: 403, Size: 699, Words: 60, Lines: 14]
wp-includes/theme-compat/footer.php [Status: 403, Size: 699, Words: 60, Lines: 14]
wp-includes/theme-compat/header.php [Status: 403, Size: 699, Words: 60, Lines: 14]
wp-includes/theme-compat/sidebar.php [Status: 403, Size: 699, Words: 60, Lines: 14]
wp-includes/theme.php [Status: 403, Size: 699, Words: 60, Lines: 14]
wp-includes/update.php [Status: 403, Size: 699, Words: 60, Lines: 14]
wp-includes/user.php [Status: 403, Size: 699, Words: 60, Lines: 14]
wp-admin/upload.php [Status: 302, Size: 0, Words: 1, Lines: 1]
wp-includes/version.php [Status: 403, Size: 699, Words: 60, Lines: 14]
wp-includes/vars.php [Status: 403, Size: 699, Words: 60, Lines: 14]
wp-includes/widgets.php [Status: 403, Size: 699, Words: 60, Lines: 14]
wp-includes/wlwmanifest.xml [Status: 200, Size: 1045, Words: 117, Lines: 44]
wp-includes/wp-diff.php [Status: 403, Size: 699, Words: 60, Lines: 14]
wp-includes/wp-db.php [Status: 403, Size: 699, Words: 60, Lines: 14]
wp-admin/user/about.php [Status: 302, Size: 0, Words: 1, Lines: 1]
wp-admin/user/admin.php [Status: 302, Size: 0, Words: 1, Lines: 1]
wp-admin/user/menu.php [Status: 200, Size: 310, Words: 23, Lines: 6]
wp-admin/user/credits.php [Status: 302, Size: 0, Words: 1, Lines: 1]
wp-admin/user-edit.php [Status: 302, Size: 0, Words: 1, Lines: 1]
wp-admin/user/freedoms.php [Status: 302, Size: 0, Words: 1, Lines: 1]
wp-admin/user/index.php [Status: 302, Size: 0, Words: 1, Lines: 1]
wp-admin/user-new.php [Status: 302, Size: 0, Words: 1, Lines: 1]
wp-blog-header.php [Status: 200, Size: 0, Words: 1, Lines: 1]
wp-comments-post.php [Status: 405, Size: 0, Words: 1, Lines: 1]
wp-admin/user/profile.php [Status: 302, Size: 0, Words: 1, Lines: 1]
wp-content/ [Status: 200, Size: 0, Words: 1, Lines: 1]
wp-content/index.php [Status: 200, Size: 0, Words: 1, Lines: 1]
wp-content/plugins/ [Status: 200, Size: 0, Words: 1, Lines: 1]
wp-content/plugins/hello.php [Status: 200, Size: 330, Words: 23, Lines: 6]
wp-content/plugins/index.php [Status: 200, Size: 0, Words: 1, Lines: 1]
wp-content/themes/ [Status: 200, Size: 0, Words: 1, Lines: 1]
wp-content/themes/index.php [Status: 200, Size: 0, Words: 1, Lines: 1]
wp-admin/users.php [Status: 302, Size: 0, Words: 1, Lines: 1]
wp-includes/js/tinymce/wp-tinymce.php [Status: 200, Size: 369699, Words: 5607, Lines: 2]
wp-includes/ms-files.php [Status: 200, Size: 29, Words: 4, Lines: 1]
wp-admin/widgets.php [Status: 302, Size: 0, Words: 1, Lines: 1]
wp-config.php [Status: 200, Size: 0, Words: 1, Lines: 1]
wp-admin/user/user-edit.php [Status: 302, Size: 0, Words: 1, Lines: 1]
wp-links-opml.php [Status: 200, Size: 243, Words: 15, Lines: 12]
wp-settings.php [Status: 200, Size: 0, Words: 1, Lines: 1]
wp-cron.php [Status: 200, Size: 0, Words: 1, Lines: 1]
wp-load.php [Status: 200, Size: 0, Words: 1, Lines: 1]
wp-mail.php [Status: 403, Size: 2616, Words: 191, Lines: 121]
wp-signup.php [Status: 302, Size: 0, Words: 1, Lines: 1]
wp-login.php [Status: 200, Size: 8105, Words: 408, Lines: 110]
wp-trackback.php [Status: 200, Size: 135, Words: 11, Lines: 5]
xmlrpc.php [Status: 405, Size: 42, Words: 6, Lines: 1]
test.json [Status: 200, Size: 123, Words: 456, Lines: 789]
test/wp-admin/posts.json [Status: 200, Size: 567, Words: 890, Lines: 123]